[     303ms] [LOG] [Perf] app_ready_authed at 255.8ms @ https://app.gooseworks.ai/_next/static/chunks/2012-4e49dad10055c867.js?dpl=dpl_dNuw3Dgv5KmwJXub5BMNLN4Wz16E:4
[     304ms] [LOG] [Perf] page_load_waterfall {"dns_ms":0,"tcp_ms":0,"ssl_ms":0,"ttfb_ms":13.3,"download_ms":16.7,"dom_interactive_ms":45.1,"dom_complete_ms":58.9,"load_event_ms":59,"transfer_size_kb":6.2} @ https://app.gooseworks.ai/_next/static/chunks/2012-4e49dad10055c867.js?dpl=dpl_dNuw3Dgv5KmwJXub5BMNLN4Wz16E:4
[     305ms] [ERROR] Failed to load resource: the server responded with a status of 403 () @ https://api.gooseworks.ai/api/admin/analytics/access:0
[     305ms] [LOG] [API] GET /api/admin/analytics/access 403 188.9ms @ https://app.gooseworks.ai/_next/static/chunks/2012-4e49dad10055c867.js?dpl=dpl_dNuw3Dgv5KmwJXub5BMNLN4Wz16E:4
[     598ms] [LOG] [API] GET /api/workspaces/active 200 481.3ms @ https://app.gooseworks.ai/_next/static/chunks/2012-4e49dad10055c867.js?dpl=dpl_dNuw3Dgv5KmwJXub5BMNLN4Wz16E:4
[     768ms] [LOG] [API] GET /api/workspaces/current/settings 200 651.2ms @ https://app.gooseworks.ai/_next/static/chunks/2012-4e49dad10055c867.js?dpl=dpl_dNuw3Dgv5KmwJXub5BMNLN4Wz16E:4
[    1077ms] [LOG] [API] GET /api/organization 200 961.1ms @ https://app.gooseworks.ai/_next/static/chunks/2012-4e49dad10055c867.js?dpl=dpl_dNuw3Dgv5KmwJXub5BMNLN4Wz16E:4
[    1079ms] [LOG] [API] GET /api/workspaces/current/onboarding-v2 200 962.1ms @ https://app.gooseworks.ai/_next/static/chunks/2012-4e49dad10055c867.js?dpl=dpl_dNuw3Dgv5KmwJXub5BMNLN4Wz16E:4
[    1624ms] [LOG] [API] GET /api/integrations/status 200 1507.1ms @ https://app.gooseworks.ai/_next/static/chunks/2012-4e49dad10055c867.js?dpl=dpl_dNuw3Dgv5KmwJXub5BMNLN4Wz16E:4
[    1796ms] [LOG] [API] GET /api/sourcing/sessions?include_archived=true 200 1680ms @ https://app.gooseworks.ai/_next/static/chunks/2012-4e49dad10055c867.js?dpl=dpl_dNuw3Dgv5KmwJXub5BMNLN4Wz16E:4
[    2436ms] [LOG] [API] GET /api/organization/workspaces 200 2319.3ms @ https://app.gooseworks.ai/_next/static/chunks/2012-4e49dad10055c867.js?dpl=dpl_dNuw3Dgv5KmwJXub5BMNLN4Wz16E:4
[    5431ms] [ERROR] Access to XMLHttpRequest at 'https://api.gooseworks.ai/mp/engage/?verbose=1&ip=1&_=1775048512260' from origin 'https://app.gooseworks.ai' has been blocked by CORS policy: The value of the 'Access-Control-Allow-Origin' header in the response must not be the wildcard '*' when the request's credentials mode is 'include'. The credentials mode of requests initiated by the XMLHttpRequest is controlled by the withCredentials attribute. @ https://app.gooseworks.ai/settings?tab=general:0
[    5431ms] [ERROR] Failed to load resource: net::ERR_FAILED @ https://api.gooseworks.ai/mp/engage/?verbose=1&ip=1&_=1775048512260:0
[   10439ms] [ERROR] Access to fetch at 'https://api.gooseworks.ai/mp/record/?%24current_url=https%3A%2F%2Fapp.gooseworks.ai%2F&%24lib_version=2.75.0&batch_start_time=1775048494.301&mp_lib=web&replay_id=46f31a6d-38a9-4c41-af21-c99a612c48af&replay_length_ms=18152&replay_start_time=1775048494.301&replay_start_url=https%3A%2F%2Fapp.gooseworks.ai%2F&seq=0&distinct_id=cee2fe5c-9d1e-49f9-b6f1-7040ddd77fab&%24device_id=79ff8299-6132-43dc-89fc-37ff2a28fcb3&%24user_id=cee2fe5c-9d1e-49f9-b6f1-7040ddd77fab&format=gzip' from origin 'https://app.gooseworks.ai' has been blocked by CORS policy: Request header field authorization is not allowed by Access-Control-Allow-Headers in preflight response. @ https://app.gooseworks.ai/settings?tab=general:0
[   10440ms] [ERROR] Failed to load resource: net::ERR_FAILED @ https://api.gooseworks.ai/mp/record/?%24current_url=https%3A%2F%2Fapp.gooseworks.ai%2F&%24lib_version=2.75.0&batch_start_time=1775048494.301&mp_lib=web&replay_id=46f31a6d-38a9-4c41-af21-c99a612c48af&replay_length_ms=18152&replay_start_time=1775048494.301&replay_start_url=https%3A%2F%2Fapp.gooseworks.ai%2F&seq=0&distinct_id=cee2fe5c-9d1e-49f9-b6f1-7040ddd77fab&%24device_id=79ff8299-6132-43dc-89fc-37ff2a28fcb3&%24user_id=cee2fe5c-9d1e-49f9-b6f1-7040ddd77fab&format=gzip:0
[   33777ms] [LOG] [API] GET /api/sourcing/sessions?include_archived=true 200 1977.7ms @ https://app.gooseworks.ai/_next/static/chunks/2012-4e49dad10055c867.js?dpl=dpl_dNuw3Dgv5KmwJXub5BMNLN4Wz16E:4
[   67988ms] [LOG] [API] GET /api/sourcing/sessions?include_archived=true 200 4207.6ms @ https://app.gooseworks.ai/_next/static/chunks/2012-4e49dad10055c867.js?dpl=dpl_dNuw3Dgv5KmwJXub5BMNLN4Wz16E:4
[  100031ms] [LOG] [API] GET /api/sourcing/sessions?include_archived=true 200 2039.8ms @ https://app.gooseworks.ai/_next/static/chunks/2012-4e49dad10055c867.js?dpl=dpl_dNuw3Dgv5KmwJXub5BMNLN4Wz16E:4
[  121023ms] [LOG] [API] GET /api/workspace/files/tree 200 722.2ms @ https://app.gooseworks.ai/_next/static/chunks/2012-4e49dad10055c867.js?dpl=dpl_dNuw3Dgv5KmwJXub5BMNLN4Wz16E:4
[  121331ms] [LOG] [API] GET /api/organization/files/tree 200 1029.9ms @ https://app.gooseworks.ai/_next/static/chunks/2012-4e49dad10055c867.js?dpl=dpl_dNuw3Dgv5KmwJXub5BMNLN4Wz16E:4
[  132168ms] [LOG] [API] GET /api/sourcing/sessions?include_archived=true 200 2134.7ms @ https://app.gooseworks.ai/_next/static/chunks/2012-4e49dad10055c867.js?dpl=dpl_dNuw3Dgv5KmwJXub5BMNLN4Wz16E:4
[  164545ms] [LOG] [API] GET /api/sourcing/sessions?include_archived=true 200 2373.8ms @ https://app.gooseworks.ai/_next/static/chunks/2012-4e49dad10055c867.js?dpl=dpl_dNuw3Dgv5KmwJXub5BMNLN4Wz16E:4
[  196530ms] [LOG] [API] GET /api/sourcing/sessions?include_archived=true 200 1982.4ms @ https://app.gooseworks.ai/_next/static/chunks/2012-4e49dad10055c867.js?dpl=dpl_dNuw3Dgv5KmwJXub5BMNLN4Wz16E:4
[  228769ms] [LOG] [API] GET /api/sourcing/sessions?include_archived=true 200 2235.5ms @ https://app.gooseworks.ai/_next/static/chunks/2012-4e49dad10055c867.js?dpl=dpl_dNuw3Dgv5KmwJXub5BMNLN4Wz16E:4
[  242065ms] [LOG] [API] GET /api/organization/files/tree 200 730ms @ https://app.gooseworks.ai/_next/static/chunks/2012-4e49dad10055c867.js?dpl=dpl_dNuw3Dgv5KmwJXub5BMNLN4Wz16E:4
[  243496ms] [LOG] [API] GET /api/workspace/files/tree 200 2469.6ms @ https://app.gooseworks.ai/_next/static/chunks/2012-4e49dad10055c867.js?dpl=dpl_dNuw3Dgv5KmwJXub5BMNLN4Wz16E:4
[  261621ms] [LOG] [API] GET /api/sourcing/sessions?include_archived=true 200 2850ms @ https://app.gooseworks.ai/_next/static/chunks/2012-4e49dad10055c867.js?dpl=dpl_dNuw3Dgv5KmwJXub5BMNLN4Wz16E:4
[  294025ms] [LOG] [API] GET /api/sourcing/sessions?include_archived=true 200 2400.7ms @ https://app.gooseworks.ai/_next/static/chunks/2012-4e49dad10055c867.js?dpl=dpl_dNuw3Dgv5KmwJXub5BMNLN4Wz16E:4
[  326182ms] [LOG] [API] GET /api/sourcing/sessions?include_archived=true 200 2153.4ms @ https://app.gooseworks.ai/_next/static/chunks/2012-4e49dad10055c867.js?dpl=dpl_dNuw3Dgv5KmwJXub5BMNLN4Wz16E:4
[  361362ms] [LOG] [API] GET /api/sourcing/sessions?include_archived=true 200 5177.4ms @ https://app.gooseworks.ai/_next/static/chunks/2012-4e49dad10055c867.js?dpl=dpl_dNuw3Dgv5KmwJXub5BMNLN4Wz16E:4
[  363373ms] [LOG] [API] GET /api/organization/files/tree 200 1305.8ms @ https://app.gooseworks.ai/_next/static/chunks/2012-4e49dad10055c867.js?dpl=dpl_dNuw3Dgv5KmwJXub5BMNLN4Wz16E:4
[  364722ms] [LOG] [API] GET /api/workspace/files/tree 200 1224.5ms @ https://app.gooseworks.ai/_next/static/chunks/2012-4e49dad10055c867.js?dpl=dpl_dNuw3Dgv5KmwJXub5BMNLN4Wz16E:4
[  393401ms] [LOG] [API] GET /api/sourcing/sessions?include_archived=true 200 2035.4ms @ https://app.gooseworks.ai/_next/static/chunks/2012-4e49dad10055c867.js?dpl=dpl_dNuw3Dgv5KmwJXub5BMNLN4Wz16E:4
[  426064ms] [LOG] [API] GET /api/sourcing/sessions?include_archived=true 200 2658.6ms @ https://app.gooseworks.ai/_next/static/chunks/2012-4e49dad10055c867.js?dpl=dpl_dNuw3Dgv5KmwJXub5BMNLN4Wz16E:4
[  458234ms] [LOG] [API] GET /api/sourcing/sessions?include_archived=true 200 2166.8ms @ https://app.gooseworks.ai/_next/static/chunks/2012-4e49dad10055c867.js?dpl=dpl_dNuw3Dgv5KmwJXub5BMNLN4Wz16E:4
[  484552ms] [LOG] [API] GET /api/organization/files/tree 200 1175.1ms @ https://app.gooseworks.ai/_next/static/chunks/2012-4e49dad10055c867.js?dpl=dpl_dNuw3Dgv5KmwJXub5BMNLN4Wz16E:4
[  486015ms] [LOG] [API] GET /api/workspace/files/tree 200 1289.3ms @ https://app.gooseworks.ai/_next/static/chunks/2012-4e49dad10055c867.js?dpl=dpl_dNuw3Dgv5KmwJXub5BMNLN4Wz16E:4
[  490188ms] [LOG] [API] GET /api/sourcing/sessions?include_archived=true 200 1952.1ms @ https://app.gooseworks.ai/_next/static/chunks/2012-4e49dad10055c867.js?dpl=dpl_dNuw3Dgv5KmwJXub5BMNLN4Wz16E:4
[  522314ms] [LOG] [API] GET /api/sourcing/sessions?include_archived=true 200 2122.5ms @ https://app.gooseworks.ai/_next/static/chunks/2012-4e49dad10055c867.js?dpl=dpl_dNuw3Dgv5KmwJXub5BMNLN4Wz16E:4
[  554595ms] [LOG] [API] GET /api/sourcing/sessions?include_archived=true 200 2277.4ms @ https://app.gooseworks.ai/_next/static/chunks/2012-4e49dad10055c867.js?dpl=dpl_dNuw3Dgv5KmwJXub5BMNLN4Wz16E:4
[  586646ms] [LOG] [API] GET /api/sourcing/sessions?include_archived=true 200 2046.7ms @ https://app.gooseworks.ai/_next/static/chunks/2012-4e49dad10055c867.js?dpl=dpl_dNuw3Dgv5KmwJXub5BMNLN4Wz16E:4
[  605894ms] [LOG] [API] GET /api/organization/files/tree 200 1337.9ms @ https://app.gooseworks.ai/_next/static/chunks/2012-4e49dad10055c867.js?dpl=dpl_dNuw3Dgv5KmwJXub5BMNLN4Wz16E:4
[  607271ms] [LOG] [API] GET /api/workspace/files/tree 200 1252.7ms @ https://app.gooseworks.ai/_next/static/chunks/2012-4e49dad10055c867.js?dpl=dpl_dNuw3Dgv5KmwJXub5BMNLN4Wz16E:4
[  618733ms] [LOG] [API] GET /api/sourcing/sessions?include_archived=true 200 2082.6ms @ https://app.gooseworks.ai/_next/static/chunks/2012-4e49dad10055c867.js?dpl=dpl_dNuw3Dgv5KmwJXub5BMNLN4Wz16E:4
[  650835ms] [LOG] [API] GET /api/sourcing/sessions?include_archived=true 200 2098.9ms @ https://app.gooseworks.ai/_next/static/chunks/2012-4e49dad10055c867.js?dpl=dpl_dNuw3Dgv5KmwJXub5BMNLN4Wz16E:4
[  687023ms] [LOG] [API] GET /api/sourcing/sessions?include_archived=true 200 6184.2ms @ https://app.gooseworks.ai/_next/static/chunks/2012-4e49dad10055c867.js?dpl=dpl_dNuw3Dgv5KmwJXub5BMNLN4Wz16E:4
[  719771ms] [LOG] [API] GET /api/sourcing/sessions?include_archived=true 200 2743ms @ https://app.gooseworks.ai/_next/static/chunks/2012-4e49dad10055c867.js?dpl=dpl_dNuw3Dgv5KmwJXub5BMNLN4Wz16E:4
[  727049ms] [LOG] [API] GET /api/organization/files/tree 200 1151.8ms @ https://app.gooseworks.ai/_next/static/chunks/2012-4e49dad10055c867.js?dpl=dpl_dNuw3Dgv5KmwJXub5BMNLN4Wz16E:4
[  728407ms] [LOG] [API] GET /api/workspace/files/tree 200 1132.2ms @ https://app.gooseworks.ai/_next/static/chunks/2012-4e49dad10055c867.js?dpl=dpl_dNuw3Dgv5KmwJXub5BMNLN4Wz16E:4
[  752076ms] [LOG] [API] GET /api/sourcing/sessions?include_archived=true 200 2302ms @ https://app.gooseworks.ai/_next/static/chunks/2012-4e49dad10055c867.js?dpl=dpl_dNuw3Dgv5KmwJXub5BMNLN4Wz16E:4
[  784284ms] [LOG] [API] GET /api/sourcing/sessions?include_archived=true 200 2204.2ms @ https://app.gooseworks.ai/_next/static/chunks/2012-4e49dad10055c867.js?dpl=dpl_dNuw3Dgv5KmwJXub5BMNLN4Wz16E:4
[  816438ms] [LOG] [API] GET /api/sourcing/sessions?include_archived=true 200 2151.7ms @ https://app.gooseworks.ai/_next/static/chunks/2012-4e49dad10055c867.js?dpl=dpl_dNuw3Dgv5KmwJXub5BMNLN4Wz16E:4
[  848154ms] [LOG] [API] GET /api/organization/files/tree 200 1101.4ms @ https://app.gooseworks.ai/_next/static/chunks/2012-4e49dad10055c867.js?dpl=dpl_dNuw3Dgv5KmwJXub5BMNLN4Wz16E:4
[  848660ms] [LOG] [API] GET /api/sourcing/sessions?include_archived=true 200 2220.2ms @ https://app.gooseworks.ai/_next/static/chunks/2012-4e49dad10055c867.js?dpl=dpl_dNuw3Dgv5KmwJXub5BMNLN4Wz16E:4
[  849718ms] [LOG] [API] GET /api/workspace/files/tree 200 1307.1ms @ https://app.gooseworks.ai/_next/static/chunks/2012-4e49dad10055c867.js?dpl=dpl_dNuw3Dgv5KmwJXub5BMNLN4Wz16E:4
[  880951ms] [LOG] [API] GET /api/sourcing/sessions?include_archived=true 200 2288.4ms @ https://app.gooseworks.ai/_next/static/chunks/2012-4e49dad10055c867.js?dpl=dpl_dNuw3Dgv5KmwJXub5BMNLN4Wz16E:4
[  913227ms] [LOG] [API] GET /api/sourcing/sessions?include_archived=true 200 2273.3ms @ https://app.gooseworks.ai/_next/static/chunks/2012-4e49dad10055c867.js?dpl=dpl_dNuw3Dgv5KmwJXub5BMNLN4Wz16E:4
[  945464ms] [LOG] [API] GET /api/sourcing/sessions?include_archived=true 200 2233.6ms @ https://app.gooseworks.ai/_next/static/chunks/2012-4e49dad10055c867.js?dpl=dpl_dNuw3Dgv5KmwJXub5BMNLN4Wz16E:4
[  969419ms] [LOG] [API] GET /api/organization/files/tree 200 1261.9ms @ https://app.gooseworks.ai/_next/static/chunks/2012-4e49dad10055c867.js?dpl=dpl_dNuw3Dgv5KmwJXub5BMNLN4Wz16E:4
[  970963ms] [LOG] [API] GET /api/workspace/files/tree 200 1240.7ms @ https://app.gooseworks.ai/_next/static/chunks/2012-4e49dad10055c867.js?dpl=dpl_dNuw3Dgv5KmwJXub5BMNLN4Wz16E:4
[  977487ms] [LOG] [API] GET /api/sourcing/sessions?include_archived=true 200 2019.3ms @ https://app.gooseworks.ai/_next/static/chunks/2012-4e49dad10055c867.js?dpl=dpl_dNuw3Dgv5KmwJXub5BMNLN4Wz16E:4
[ 1013666ms] [LOG] [API] GET /api/sourcing/sessions?include_archived=true 200 6175.3ms @ https://app.gooseworks.ai/_next/static/chunks/2012-4e49dad10055c867.js?dpl=dpl_dNuw3Dgv5KmwJXub5BMNLN4Wz16E:4
[ 1045819ms] [LOG] [API] GET /api/sourcing/sessions?include_archived=true 200 2151.1ms @ https://app.gooseworks.ai/_next/static/chunks/2012-4e49dad10055c867.js?dpl=dpl_dNuw3Dgv5KmwJXub5BMNLN4Wz16E:4
[ 1078178ms] [LOG] [API] GET /api/sourcing/sessions?include_archived=true 200 2355.4ms @ https://app.gooseworks.ai/_next/static/chunks/2012-4e49dad10055c867.js?dpl=dpl_dNuw3Dgv5KmwJXub5BMNLN4Wz16E:4
[ 1090569ms] [LOG] [API] GET /api/organization/files/tree 200 1146.8ms @ https://app.gooseworks.ai/_next/static/chunks/2012-4e49dad10055c867.js?dpl=dpl_dNuw3Dgv5KmwJXub5BMNLN4Wz16E:4
[ 1092435ms] [LOG] [API] GET /api/workspace/files/tree 200 1468.7ms @ https://app.gooseworks.ai/_next/static/chunks/2012-4e49dad10055c867.js?dpl=dpl_dNuw3Dgv5KmwJXub5BMNLN4Wz16E:4
[ 1110435ms] [LOG] [API] GET /api/sourcing/sessions?include_archived=true 200 2254.2ms @ https://app.gooseworks.ai/_next/static/chunks/2012-4e49dad10055c867.js?dpl=dpl_dNuw3Dgv5KmwJXub5BMNLN4Wz16E:4
[ 1142794ms] [LOG] [API] GET /api/sourcing/sessions?include_archived=true 200 2355.2ms @ https://app.gooseworks.ai/_next/static/chunks/2012-4e49dad10055c867.js?dpl=dpl_dNuw3Dgv5KmwJXub5BMNLN4Wz16E:4
[ 1174775ms] [LOG] [API] GET /api/sourcing/sessions?include_archived=true 200 1979.1ms @ https://app.gooseworks.ai/_next/static/chunks/2012-4e49dad10055c867.js?dpl=dpl_dNuw3Dgv5KmwJXub5BMNLN4Wz16E:4
[ 1207101ms] [LOG] [API] GET /api/sourcing/sessions?include_archived=true 200 2321.9ms @ https://app.gooseworks.ai/_next/static/chunks/2012-4e49dad10055c867.js?dpl=dpl_dNuw3Dgv5KmwJXub5BMNLN4Wz16E:4
[ 1211710ms] [LOG] [API] GET /api/organization/files/tree 200 1137.8ms @ https://app.gooseworks.ai/_next/static/chunks/2012-4e49dad10055c867.js?dpl=dpl_dNuw3Dgv5KmwJXub5BMNLN4Wz16E:4
[ 1213575ms] [LOG] [API] GET /api/workspace/files/tree 200 1137.2ms @ https://app.gooseworks.ai/_next/static/chunks/2012-4e49dad10055c867.js?dpl=dpl_dNuw3Dgv5KmwJXub5BMNLN4Wz16E:4
[ 1239248ms] [LOG] [API] GET /api/sourcing/sessions?include_archived=true 200 2143.1ms @ https://app.gooseworks.ai/_next/static/chunks/2012-4e49dad10055c867.js?dpl=dpl_dNuw3Dgv5KmwJXub5BMNLN4Wz16E:4
[ 1271821ms] [LOG] [API] GET /api/sourcing/sessions?include_archived=true 200 2570ms @ https://app.gooseworks.ai/_next/static/chunks/2012-4e49dad10055c867.js?dpl=dpl_dNuw3Dgv5KmwJXub5BMNLN4Wz16E:4
[ 1303873ms] [LOG] [API] GET /api/sourcing/sessions?include_archived=true 200 2049.3ms @ https://app.gooseworks.ai/_next/static/chunks/2012-4e49dad10055c867.js?dpl=dpl_dNuw3Dgv5KmwJXub5BMNLN4Wz16E:4
[ 1335926ms] [LOG] [API] GET /api/workspace/files/tree 200 2348.3ms @ https://app.gooseworks.ai/_next/static/chunks/2012-4e49dad10055c867.js?dpl=dpl_dNuw3Dgv5KmwJXub5BMNLN4Wz16E:4
[ 1336054ms] [LOG] [API] GET /api/organization/files/tree 200 4341.4ms @ https://app.gooseworks.ai/_next/static/chunks/2012-4e49dad10055c867.js?dpl=dpl_dNuw3Dgv5KmwJXub5BMNLN4Wz16E:4
[ 1338001ms] [LOG] [API] GET /api/sourcing/sessions?include_archived=true 200 4126ms @ https://app.gooseworks.ai/_next/static/chunks/2012-4e49dad10055c867.js?dpl=dpl_dNuw3Dgv5KmwJXub5BMNLN4Wz16E:4
[ 1370332ms] [LOG] [API] GET /api/sourcing/sessions?include_archived=true 200 2328.3ms @ https://app.gooseworks.ai/_next/static/chunks/2012-4e49dad10055c867.js?dpl=dpl_dNuw3Dgv5KmwJXub5BMNLN4Wz16E:4
[ 1402896ms] [LOG] [API] GET /api/sourcing/sessions?include_archived=true 200 2560.1ms @ https://app.gooseworks.ai/_next/static/chunks/2012-4e49dad10055c867.js?dpl=dpl_dNuw3Dgv5KmwJXub5BMNLN4Wz16E:4
[ 1435054ms] [LOG] [API] GET /api/sourcing/sessions?include_archived=true 200 2153.7ms @ https://app.gooseworks.ai/_next/static/chunks/2012-4e49dad10055c867.js?dpl=dpl_dNuw3Dgv5KmwJXub5BMNLN4Wz16E:4
[ 1456994ms] [LOG] [API] GET /api/organization/files/tree 200 936.1ms @ https://app.gooseworks.ai/_next/static/chunks/2012-4e49dad10055c867.js?dpl=dpl_dNuw3Dgv5KmwJXub5BMNLN4Wz16E:4
[ 1457363ms] [LOG] [API] GET /api/workspace/files/tree 200 1433.9ms @ https://app.gooseworks.ai/_next/static/chunks/2012-4e49dad10055c867.js?dpl=dpl_dNuw3Dgv5KmwJXub5BMNLN4Wz16E:4
[ 1467408ms] [LOG] [API] GET /api/sourcing/sessions?include_archived=true 200 2351.1ms @ https://app.gooseworks.ai/_next/static/chunks/2012-4e49dad10055c867.js?dpl=dpl_dNuw3Dgv5KmwJXub5BMNLN4Wz16E:4
[ 1499665ms] [LOG] [API] GET /api/sourcing/sessions?include_archived=true 200 2253.9ms @ https://app.gooseworks.ai/_next/static/chunks/2012-4e49dad10055c867.js?dpl=dpl_dNuw3Dgv5KmwJXub5BMNLN4Wz16E:4
[ 1532125ms] [LOG] [API] GET /api/sourcing/sessions?include_archived=true 200 2456.9ms @ https://app.gooseworks.ai/_next/static/chunks/2012-4e49dad10055c867.js?dpl=dpl_dNuw3Dgv5KmwJXub5BMNLN4Wz16E:4
[ 1564304ms] [LOG] [API] GET /api/sourcing/sessions?include_archived=true 200 2175.1ms @ https://app.gooseworks.ai/_next/static/chunks/2012-4e49dad10055c867.js?dpl=dpl_dNuw3Dgv5KmwJXub5BMNLN4Wz16E:4
[ 1578256ms] [LOG] [API] GET /api/organization/files/tree 200 1257.8ms @ https://app.gooseworks.ai/_next/static/chunks/2012-4e49dad10055c867.js?dpl=dpl_dNuw3Dgv5KmwJXub5BMNLN4Wz16E:4
[ 1578631ms] [LOG] [API] GET /api/workspace/files/tree 200 1263.1ms @ https://app.gooseworks.ai/_next/static/chunks/2012-4e49dad10055c867.js?dpl=dpl_dNuw3Dgv5KmwJXub5BMNLN4Wz16E:4
[ 1596640ms] [LOG] [API] GET /api/sourcing/sessions?include_archived=true 200 2332.4ms @ https://app.gooseworks.ai/_next/static/chunks/2012-4e49dad10055c867.js?dpl=dpl_dNuw3Dgv5KmwJXub5BMNLN4Wz16E:4
[ 1629000ms] [LOG] [API] GET /api/sourcing/sessions?include_archived=true 200 2356.8ms @ https://app.gooseworks.ai/_next/static/chunks/2012-4e49dad10055c867.js?dpl=dpl_dNuw3Dgv5KmwJXub5BMNLN4Wz16E:4
[ 1664227ms] [LOG] [API] GET /api/sourcing/sessions?include_archived=true 200 5223.2ms @ https://app.gooseworks.ai/_next/static/chunks/2012-4e49dad10055c867.js?dpl=dpl_dNuw3Dgv5KmwJXub5BMNLN4Wz16E:4
[ 1696483ms] [LOG] [API] GET /api/sourcing/sessions?include_archived=true 200 2253ms @ https://app.gooseworks.ai/_next/static/chunks/2012-4e49dad10055c867.js?dpl=dpl_dNuw3Dgv5KmwJXub5BMNLN4Wz16E:4
[ 1699368ms] [LOG] [API] GET /api/organization/files/tree 200 1109.4ms @ https://app.gooseworks.ai/_next/static/chunks/2012-4e49dad10055c867.js?dpl=dpl_dNuw3Dgv5KmwJXub5BMNLN4Wz16E:4
[ 1699720ms] [LOG] [API] GET /api/workspace/files/tree 200 1085.6ms @ https://app.gooseworks.ai/_next/static/chunks/2012-4e49dad10055c867.js?dpl=dpl_dNuw3Dgv5KmwJXub5BMNLN4Wz16E:4
[ 1729045ms] [LOG] [API] GET /api/sourcing/sessions?include_archived=true 200 2560.8ms @ https://app.gooseworks.ai/_next/static/chunks/2012-4e49dad10055c867.js?dpl=dpl_dNuw3Dgv5KmwJXub5BMNLN4Wz16E:4
[ 1761194ms] [LOG] [API] GET /api/sourcing/sessions?include_archived=true 200 2146.1ms @ https://app.gooseworks.ai/_next/static/chunks/2012-4e49dad10055c867.js?dpl=dpl_dNuw3Dgv5KmwJXub5BMNLN4Wz16E:4
[ 1793558ms] [LOG] [API] GET /api/sourcing/sessions?include_archived=true 200 2363ms @ https://app.gooseworks.ai/_next/static/chunks/2012-4e49dad10055c867.js?dpl=dpl_dNuw3Dgv5KmwJXub5BMNLN4Wz16E:4
[ 1820694ms] [LOG] [API] GET /api/organization/files/tree 200 1325.6ms @ https://app.gooseworks.ai/_next/static/chunks/2012-4e49dad10055c867.js?dpl=dpl_dNuw3Dgv5KmwJXub5BMNLN4Wz16E:4
[ 1821000ms] [LOG] [API] GET /api/workspace/files/tree 200 1279.3ms @ https://app.gooseworks.ai/_next/static/chunks/2012-4e49dad10055c867.js?dpl=dpl_dNuw3Dgv5KmwJXub5BMNLN4Wz16E:4
[ 1825610ms] [LOG] [API] GET /api/sourcing/sessions?include_archived=true 200 2047.6ms @ https://app.gooseworks.ai/_next/static/chunks/2012-4e49dad10055c867.js?dpl=dpl_dNuw3Dgv5KmwJXub5BMNLN4Wz16E:4
[ 1857945ms] [LOG] [API] GET /api/sourcing/sessions?include_archived=true 200 2332.7ms @ https://app.gooseworks.ai/_next/static/chunks/2012-4e49dad10055c867.js?dpl=dpl_dNuw3Dgv5KmwJXub5BMNLN4Wz16E:4
[ 1890430ms] [LOG] [API] GET /api/sourcing/sessions?include_archived=true 200 2481.6ms @ https://app.gooseworks.ai/_next/static/chunks/2012-4e49dad10055c867.js?dpl=dpl_dNuw3Dgv5KmwJXub5BMNLN4Wz16E:4
[ 1922790ms] [LOG] [API] GET /api/sourcing/sessions?include_archived=true 200 2355.4ms @ https://app.gooseworks.ai/_next/static/chunks/2012-4e49dad10055c867.js?dpl=dpl_dNuw3Dgv5KmwJXub5BMNLN4Wz16E:4
[ 1942143ms] [LOG] [API] GET /api/organization/files/tree 200 1446ms @ https://app.gooseworks.ai/_next/static/chunks/2012-4e49dad10055c867.js?dpl=dpl_dNuw3Dgv5KmwJXub5BMNLN4Wz16E:4
[ 1943613ms] [LOG] [API] GET /api/workspace/files/tree 200 2609.3ms @ https://app.gooseworks.ai/_next/static/chunks/2012-4e49dad10055c867.js?dpl=dpl_dNuw3Dgv5KmwJXub5BMNLN4Wz16E:4
[ 1954946ms] [LOG] [API] GET /api/sourcing/sessions?include_archived=true 200 2152.9ms @ https://app.gooseworks.ai/_next/static/chunks/2012-4e49dad10055c867.js?dpl=dpl_dNuw3Dgv5KmwJXub5BMNLN4Wz16E:4
[ 1989760ms] [LOG] [API] GET /api/sourcing/sessions?include_archived=true 200 4811.3ms @ https://app.gooseworks.ai/_next/static/chunks/2012-4e49dad10055c867.js?dpl=dpl_dNuw3Dgv5KmwJXub5BMNLN4Wz16E:4
[ 2021812ms] [LOG] [API] GET /api/sourcing/sessions?include_archived=true 200 2049.2ms @ https://app.gooseworks.ai/_next/static/chunks/2012-4e49dad10055c867.js?dpl=dpl_dNuw3Dgv5KmwJXub5BMNLN4Wz16E:4
[ 2054126ms] [LOG] [API] GET /api/sourcing/sessions?include_archived=true 200 2310.6ms @ https://app.gooseworks.ai/_next/static/chunks/2012-4e49dad10055c867.js?dpl=dpl_dNuw3Dgv5KmwJXub5BMNLN4Wz16E:4
[ 2063285ms] [LOG] [API] GET /api/organization/files/tree 200 1139.7ms @ https://app.gooseworks.ai/_next/static/chunks/2012-4e49dad10055c867.js?dpl=dpl_dNuw3Dgv5KmwJXub5BMNLN4Wz16E:4
[ 2064694ms] [LOG] [API] GET /api/workspace/files/tree 200 1079.5ms @ https://app.gooseworks.ai/_next/static/chunks/2012-4e49dad10055c867.js?dpl=dpl_dNuw3Dgv5KmwJXub5BMNLN4Wz16E:4
[ 2086242ms] [LOG] [API] GET /api/sourcing/sessions?include_archived=true 200 2111.9ms @ https://app.gooseworks.ai/_next/static/chunks/2012-4e49dad10055c867.js?dpl=dpl_dNuw3Dgv5KmwJXub5BMNLN4Wz16E:4
[ 2118634ms] [LOG] [API] GET /api/sourcing/sessions?include_archived=true 200 2388.6ms @ https://app.gooseworks.ai/_next/static/chunks/2012-4e49dad10055c867.js?dpl=dpl_dNuw3Dgv5KmwJXub5BMNLN4Wz16E:4
[ 2150749ms] [LOG] [API] GET /api/sourcing/sessions?include_archived=true 200 2113.4ms @ https://app.gooseworks.ai/_next/static/chunks/2012-4e49dad10055c867.js?dpl=dpl_dNuw3Dgv5KmwJXub5BMNLN4Wz16E:4
[ 2183096ms] [LOG] [API] GET /api/sourcing/sessions?include_archived=true 200 2343.3ms @ https://app.gooseworks.ai/_next/static/chunks/2012-4e49dad10055c867.js?dpl=dpl_dNuw3Dgv5KmwJXub5BMNLN4Wz16E:4
[ 2184361ms] [LOG] [API] GET /api/organization/files/tree 200 1074.7ms @ https://app.gooseworks.ai/_next/static/chunks/2012-4e49dad10055c867.js?dpl=dpl_dNuw3Dgv5KmwJXub5BMNLN4Wz16E:4
[ 2185769ms] [LOG] [API] GET /api/workspace/files/tree 200 1070.6ms @ https://app.gooseworks.ai/_next/static/chunks/2012-4e49dad10055c867.js?dpl=dpl_dNuw3Dgv5KmwJXub5BMNLN4Wz16E:4
[ 2215250ms] [LOG] [API] GET /api/sourcing/sessions?include_archived=true 200 2151.1ms @ https://app.gooseworks.ai/_next/static/chunks/2012-4e49dad10055c867.js?dpl=dpl_dNuw3Dgv5KmwJXub5BMNLN4Wz16E:4
[ 2249136ms] [LOG] [API] GET /api/sourcing/sessions?include_archived=true 200 3882.6ms @ https://app.gooseworks.ai/_next/static/chunks/2012-4e49dad10055c867.js?dpl=dpl_dNuw3Dgv5KmwJXub5BMNLN4Wz16E:4
[ 2281300ms] [LOG] [API] GET /api/sourcing/sessions?include_archived=true 200 2160.6ms @ https://app.gooseworks.ai/_next/static/chunks/2012-4e49dad10055c867.js?dpl=dpl_dNuw3Dgv5KmwJXub5BMNLN4Wz16E:4
[ 2305916ms] [LOG] [API] GET /api/organization/files/tree 200 1550.9ms @ https://app.gooseworks.ai/_next/static/chunks/2012-4e49dad10055c867.js?dpl=dpl_dNuw3Dgv5KmwJXub5BMNLN4Wz16E:4
[ 2306900ms] [LOG] [API] GET /api/workspace/files/tree 200 1128.3ms @ https://app.gooseworks.ai/_next/static/chunks/2012-4e49dad10055c867.js?dpl=dpl_dNuw3Dgv5KmwJXub5BMNLN4Wz16E:4
[ 2315427ms] [LOG] [API] GET /api/sourcing/sessions?include_archived=true 200 4123ms @ https://app.gooseworks.ai/_next/static/chunks/2012-4e49dad10055c867.js?dpl=dpl_dNuw3Dgv5KmwJXub5BMNLN4Wz16E:4
[ 2347759ms] [LOG] [API] GET /api/sourcing/sessions?include_archived=true 200 2330ms @ https://app.gooseworks.ai/_next/static/chunks/2012-4e49dad10055c867.js?dpl=dpl_dNuw3Dgv5KmwJXub5BMNLN4Wz16E:4
[ 2379913ms] [LOG] [API] GET /api/sourcing/sessions?include_archived=true 200 2150.2ms @ https://app.gooseworks.ai/_next/static/chunks/2012-4e49dad10055c867.js?dpl=dpl_dNuw3Dgv5KmwJXub5BMNLN4Wz16E:4
[ 2412170ms] [LOG] [API] GET /api/sourcing/sessions?include_archived=true 200 2255.8ms @ https://app.gooseworks.ai/_next/static/chunks/2012-4e49dad10055c867.js?dpl=dpl_dNuw3Dgv5KmwJXub5BMNLN4Wz16E:4
[ 2427383ms] [LOG] [API] GET /api/organization/files/tree 200 1463.5ms @ https://app.gooseworks.ai/_next/static/chunks/2012-4e49dad10055c867.js?dpl=dpl_dNuw3Dgv5KmwJXub5BMNLN4Wz16E:4
[ 2429682ms] [LOG] [API] GET /api/workspace/files/tree 200 2779.7ms @ https://app.gooseworks.ai/_next/static/chunks/2012-4e49dad10055c867.js?dpl=dpl_dNuw3Dgv5KmwJXub5BMNLN4Wz16E:4
[ 2444578ms] [LOG] [API] GET /api/sourcing/sessions?include_archived=true 200 2403.8ms @ https://app.gooseworks.ai/_next/static/chunks/2012-4e49dad10055c867.js?dpl=dpl_dNuw3Dgv5KmwJXub5BMNLN4Wz16E:4
[ 2476785ms] [LOG] [API] GET /api/sourcing/sessions?include_archived=true 200 2205.3ms @ https://app.gooseworks.ai/_next/static/chunks/2012-4e49dad10055c867.js?dpl=dpl_dNuw3Dgv5KmwJXub5BMNLN4Wz16E:4
[ 2509093ms] [LOG] [API] GET /api/sourcing/sessions?include_archived=true 200 2303.7ms @ https://app.gooseworks.ai/_next/static/chunks/2012-4e49dad10055c867.js?dpl=dpl_dNuw3Dgv5KmwJXub5BMNLN4Wz16E:4
[ 2541302ms] [LOG] [API] GET /api/sourcing/sessions?include_archived=true 200 2205.4ms @ https://app.gooseworks.ai/_next/static/chunks/2012-4e49dad10055c867.js?dpl=dpl_dNuw3Dgv5KmwJXub5BMNLN4Wz16E:4
[ 2548517ms] [LOG] [API] GET /api/organization/files/tree 200 1130.5ms @ https://app.gooseworks.ai/_next/static/chunks/2012-4e49dad10055c867.js?dpl=dpl_dNuw3Dgv5KmwJXub5BMNLN4Wz16E:4
[ 2550779ms] [LOG] [API] GET /api/workspace/files/tree 200 1094.8ms @ https://app.gooseworks.ai/_next/static/chunks/2012-4e49dad10055c867.js?dpl=dpl_dNuw3Dgv5KmwJXub5BMNLN4Wz16E:4
[ 2573558ms] [LOG] [API] GET /api/sourcing/sessions?include_archived=true 200 2253ms @ https://app.gooseworks.ai/_next/static/chunks/2012-4e49dad10055c867.js?dpl=dpl_dNuw3Dgv5KmwJXub5BMNLN4Wz16E:4
[ 2605813ms] [LOG] [API] GET /api/sourcing/sessions?include_archived=true 200 2251ms @ https://app.gooseworks.ai/_next/static/chunks/2012-4e49dad10055c867.js?dpl=dpl_dNuw3Dgv5KmwJXub5BMNLN4Wz16E:4
[ 2640378ms] [LOG] [API] GET /api/sourcing/sessions?include_archived=true 200 4561.9ms @ https://app.gooseworks.ai/_next/static/chunks/2012-4e49dad10055c867.js?dpl=dpl_dNuw3Dgv5KmwJXub5BMNLN4Wz16E:4
[ 2670122ms] [LOG] [API] GET /api/organization/files/tree 200 1601.6ms @ https://app.gooseworks.ai/_next/static/chunks/2012-4e49dad10055c867.js?dpl=dpl_dNuw3Dgv5KmwJXub5BMNLN4Wz16E:4
[ 2671964ms] [LOG] [API] GET /api/workspace/files/tree 200 1181.3ms @ https://app.gooseworks.ai/_next/static/chunks/2012-4e49dad10055c867.js?dpl=dpl_dNuw3Dgv5KmwJXub5BMNLN4Wz16E:4
[ 2672239ms] [LOG] [API] GET /api/sourcing/sessions?include_archived=true 200 1857ms @ https://app.gooseworks.ai/_next/static/chunks/2012-4e49dad10055c867.js?dpl=dpl_dNuw3Dgv5KmwJXub5BMNLN4Wz16E:4
[ 2704624ms] [LOG] [API] GET /api/sourcing/sessions?include_archived=true 200 2382.5ms @ https://app.gooseworks.ai/_next/static/chunks/2012-4e49dad10055c867.js?dpl=dpl_dNuw3Dgv5KmwJXub5BMNLN4Wz16E:4
[ 2736652ms] [LOG] [API] GET /api/sourcing/sessions?include_archived=true 200 2024.7ms @ https://app.gooseworks.ai/_next/static/chunks/2012-4e49dad10055c867.js?dpl=dpl_dNuw3Dgv5KmwJXub5BMNLN4Wz16E:4
[ 2768942ms] [LOG] [API] GET /api/sourcing/sessions?include_archived=true 200 2286ms @ https://app.gooseworks.ai/_next/static/chunks/2012-4e49dad10055c867.js?dpl=dpl_dNuw3Dgv5KmwJXub5BMNLN4Wz16E:4
[ 2791660ms] [LOG] [API] GET /api/organization/files/tree 200 1536.5ms @ https://app.gooseworks.ai/_next/static/chunks/2012-4e49dad10055c867.js?dpl=dpl_dNuw3Dgv5KmwJXub5BMNLN4Wz16E:4
[ 2793106ms] [LOG] [API] GET /api/workspace/files/tree 200 1139.3ms @ https://app.gooseworks.ai/_next/static/chunks/2012-4e49dad10055c867.js?dpl=dpl_dNuw3Dgv5KmwJXub5BMNLN4Wz16E:4
[ 2800954ms] [LOG] [API] GET /api/sourcing/sessions?include_archived=true 200 2009.7ms @ https://app.gooseworks.ai/_next/static/chunks/2012-4e49dad10055c867.js?dpl=dpl_dNuw3Dgv5KmwJXub5BMNLN4Wz16E:4
[ 2833351ms] [LOG] [API] GET /api/sourcing/sessions?include_archived=true 200 2393.9ms @ https://app.gooseworks.ai/_next/static/chunks/2012-4e49dad10055c867.js?dpl=dpl_dNuw3Dgv5KmwJXub5BMNLN4Wz16E:4
[ 2865322ms] [LOG] [API] GET /api/sourcing/sessions?include_archived=true 200 1968.1ms @ https://app.gooseworks.ai/_next/static/chunks/2012-4e49dad10055c867.js?dpl=dpl_dNuw3Dgv5KmwJXub5BMNLN4Wz16E:4
[ 2897653ms] [LOG] [API] GET /api/sourcing/sessions?include_archived=true 200 2328.6ms @ https://app.gooseworks.ai/_next/static/chunks/2012-4e49dad10055c867.js?dpl=dpl_dNuw3Dgv5KmwJXub5BMNLN4Wz16E:4
[ 2912951ms] [LOG] [API] GET /api/organization/files/tree 200 1288.1ms @ https://app.gooseworks.ai/_next/static/chunks/2012-4e49dad10055c867.js?dpl=dpl_dNuw3Dgv5KmwJXub5BMNLN4Wz16E:4
[ 2914337ms] [LOG] [API] GET /api/workspace/files/tree 200 1229.5ms @ https://app.gooseworks.ai/_next/static/chunks/2012-4e49dad10055c867.js?dpl=dpl_dNuw3Dgv5KmwJXub5BMNLN4Wz16E:4
[ 2929812ms] [LOG] [API] GET /api/sourcing/sessions?include_archived=true 200 2155.9ms @ https://app.gooseworks.ai/_next/static/chunks/2012-4e49dad10055c867.js?dpl=dpl_dNuw3Dgv5KmwJXub5BMNLN4Wz16E:4
[ 2966020ms] [LOG] [API] GET /api/sourcing/sessions?include_archived=true 200 6204.2ms @ https://app.gooseworks.ai/_next/static/chunks/2012-4e49dad10055c867.js?dpl=dpl_dNuw3Dgv5KmwJXub5BMNLN4Wz16E:4
[ 2998329ms] [LOG] [API] GET /api/sourcing/sessions?include_archived=true 200 2305.2ms @ https://app.gooseworks.ai/_next/static/chunks/2012-4e49dad10055c867.js?dpl=dpl_dNuw3Dgv5KmwJXub5BMNLN4Wz16E:4
[ 3030745ms] [LOG] [API] GET /api/sourcing/sessions?include_archived=true 200 2413.8ms @ https://app.gooseworks.ai/_next/static/chunks/2012-4e49dad10055c867.js?dpl=dpl_dNuw3Dgv5KmwJXub5BMNLN4Wz16E:4
[ 3034240ms] [LOG] [API] GET /api/organization/files/tree 200 1286.7ms @ https://app.gooseworks.ai/_next/static/chunks/2012-4e49dad10055c867.js?dpl=dpl_dNuw3Dgv5KmwJXub5BMNLN4Wz16E:4
[ 3035593ms] [LOG] [API] GET /api/workspace/files/tree 200 1252.9ms @ https://app.gooseworks.ai/_next/static/chunks/2012-4e49dad10055c867.js?dpl=dpl_dNuw3Dgv5KmwJXub5BMNLN4Wz16E:4
[ 3062936ms] [LOG] [API] GET /api/sourcing/sessions?include_archived=true 200 2188.1ms @ https://app.gooseworks.ai/_next/static/chunks/2012-4e49dad10055c867.js?dpl=dpl_dNuw3Dgv5KmwJXub5BMNLN4Wz16E:4
[ 3095073ms] [LOG] [API] GET /api/sourcing/sessions?include_archived=true 200 2133.7ms @ https://app.gooseworks.ai/_next/static/chunks/2012-4e49dad10055c867.js?dpl=dpl_dNuw3Dgv5KmwJXub5BMNLN4Wz16E:4
[ 3127501ms] [LOG] [API] GET /api/sourcing/sessions?include_archived=true 200 2425.1ms @ https://app.gooseworks.ai/_next/static/chunks/2012-4e49dad10055c867.js?dpl=dpl_dNuw3Dgv5KmwJXub5BMNLN4Wz16E:4
[ 3155680ms] [LOG] [API] GET /api/organization/files/tree 200 1437.8ms @ https://app.gooseworks.ai/_next/static/chunks/2012-4e49dad10055c867.js?dpl=dpl_dNuw3Dgv5KmwJXub5BMNLN4Wz16E:4
[ 3156735ms] [LOG] [API] GET /api/workspace/files/tree 200 1139.6ms @ https://app.gooseworks.ai/_next/static/chunks/2012-4e49dad10055c867.js?dpl=dpl_dNuw3Dgv5KmwJXub5BMNLN4Wz16E:4
[ 3159616ms] [LOG] [API] GET /api/sourcing/sessions?include_archived=true 200 2113.4ms @ https://app.gooseworks.ai/_next/static/chunks/2012-4e49dad10055c867.js?dpl=dpl_dNuw3Dgv5KmwJXub5BMNLN4Wz16E:4
[ 3191749ms] [LOG] [API] GET /api/sourcing/sessions?include_archived=true 200 2129.7ms @ https://app.gooseworks.ai/_next/static/chunks/2012-4e49dad10055c867.js?dpl=dpl_dNuw3Dgv5KmwJXub5BMNLN4Wz16E:4
[ 3223853ms] [LOG] [API] GET /api/sourcing/sessions?include_archived=true 200 2101.5ms @ https://app.gooseworks.ai/_next/static/chunks/2012-4e49dad10055c867.js?dpl=dpl_dNuw3Dgv5KmwJXub5BMNLN4Wz16E:4
[ 3256027ms] [LOG] [API] GET /api/sourcing/sessions?include_archived=true 200 2171.6ms @ https://app.gooseworks.ai/_next/static/chunks/2012-4e49dad10055c867.js?dpl=dpl_dNuw3Dgv5KmwJXub5BMNLN4Wz16E:4
[ 3278602ms] [LOG] [API] GET /api/organization/files/tree 200 2920.3ms @ https://app.gooseworks.ai/_next/static/chunks/2012-4e49dad10055c867.js?dpl=dpl_dNuw3Dgv5KmwJXub5BMNLN4Wz16E:4
[ 3279251ms] [LOG] [API] GET /api/workspace/files/tree 200 2514.5ms @ https://app.gooseworks.ai/_next/static/chunks/2012-4e49dad10055c867.js?dpl=dpl_dNuw3Dgv5KmwJXub5BMNLN4Wz16E:4
[ 3290262ms] [LOG] [API] GET /api/sourcing/sessions?include_archived=true 200 4233.5ms @ https://app.gooseworks.ai/_next/static/chunks/2012-4e49dad10055c867.js?dpl=dpl_dNuw3Dgv5KmwJXub5BMNLN4Wz16E:4
