[    1220ms] [ERROR] Failed to load resource: the server responded with a status of 403 () @ https://api.gooseworks.ai/api/admin/analytics/access:0
[    1221ms] [LOG] [API] GET /api/admin/analytics/access 403 810.3ms @ https://app.gooseworks.ai/_next/static/chunks/2012-4e49dad10055c867.js?dpl=dpl_dNuw3Dgv5KmwJXub5BMNLN4Wz16E:4
[    1758ms] [LOG] [API] GET /api/organization 200 1346.9ms @ https://app.gooseworks.ai/_next/static/chunks/2012-4e49dad10055c867.js?dpl=dpl_dNuw3Dgv5KmwJXub5BMNLN4Wz16E:4
[    1936ms] [LOG] [API] GET /api/workspaces/active 200 1525.3ms @ https://app.gooseworks.ai/_next/static/chunks/2012-4e49dad10055c867.js?dpl=dpl_dNuw3Dgv5KmwJXub5BMNLN4Wz16E:4
[    1941ms] [LOG] [API] GET /api/organization/files/tree 200 1530.6ms @ https://app.gooseworks.ai/_next/static/chunks/2012-4e49dad10055c867.js?dpl=dpl_dNuw3Dgv5KmwJXub5BMNLN4Wz16E:4
[    1952ms] [LOG] [API] GET /api/workspace/files/tree 200 1541.7ms @ https://app.gooseworks.ai/_next/static/chunks/2012-4e49dad10055c867.js?dpl=dpl_dNuw3Dgv5KmwJXub5BMNLN4Wz16E:4
[    1972ms] [LOG] [API] GET /auth/user 200 1561.2ms @ https://app.gooseworks.ai/_next/static/chunks/2012-4e49dad10055c867.js?dpl=dpl_dNuw3Dgv5KmwJXub5BMNLN4Wz16E:4
[    1974ms] [LOG] [Perf] app_ready_authed at 1930.9ms @ https://app.gooseworks.ai/_next/static/chunks/2012-4e49dad10055c867.js?dpl=dpl_dNuw3Dgv5KmwJXub5BMNLN4Wz16E:4
[    1975ms] [LOG] [Perf] page_load_waterfall {"dns_ms":0,"tcp_ms":0,"ssl_ms":0,"ttfb_ms":18.3,"download_ms":181.4,"dom_interactive_ms":236.7,"dom_complete_ms":352.3,"load_event_ms":352.3,"transfer_size_kb":6.3} @ https://app.gooseworks.ai/_next/static/chunks/2012-4e49dad10055c867.js?dpl=dpl_dNuw3Dgv5KmwJXub5BMNLN4Wz16E:4
[    1976ms] [LOG] [Perf] slow_resources (>300ms): [Object, Object, Object, Object, Object, Object] @ https://app.gooseworks.ai/_next/static/chunks/2012-4e49dad10055c867.js?dpl=dpl_dNuw3Dgv5KmwJXub5BMNLN4Wz16E:4
[    2343ms] [LOG] [API] GET /api/organization/workspaces 200 1932.3ms @ https://app.gooseworks.ai/_next/static/chunks/2012-4e49dad10055c867.js?dpl=dpl_dNuw3Dgv5KmwJXub5BMNLN4Wz16E:4
[    2886ms] [LOG] [API] GET /api/workspace/files/read 200 918ms @ https://app.gooseworks.ai/_next/static/chunks/2012-4e49dad10055c867.js?dpl=dpl_dNuw3Dgv5KmwJXub5BMNLN4Wz16E:4
[    3110ms] [LOG] [API] GET /api/sourcing/sessions?include_archived=true 200 2699.1ms @ https://app.gooseworks.ai/_next/static/chunks/2012-4e49dad10055c867.js?dpl=dpl_dNuw3Dgv5KmwJXub5BMNLN4Wz16E:4
[    3682ms] [LOG] [API] GET /api/skills 200 3270.9ms @ https://app.gooseworks.ai/_next/static/chunks/2012-4e49dad10055c867.js?dpl=dpl_dNuw3Dgv5KmwJXub5BMNLN4Wz16E:4
[    5762ms] [ERROR] Access to XMLHttpRequest at 'https://api.gooseworks.ai/mp/engage/?verbose=1&ip=1&_=1775048411371' from origin 'https://app.gooseworks.ai' has been blocked by CORS policy: The value of the 'Access-Control-Allow-Origin' header in the response must not be the wildcard '*' when the request's credentials mode is 'include'. The credentials mode of requests initiated by the XMLHttpRequest is controlled by the withCredentials attribute. @ https://app.gooseworks.ai/workspace/files?file=agent-config%2FIDENTITY.md:0
[    5763ms] [ERROR] Failed to load resource: net::ERR_FAILED @ https://api.gooseworks.ai/mp/engage/?verbose=1&ip=1&_=1775048411371:0
[    5768ms] [ERROR] Access to XMLHttpRequest at 'https://api.gooseworks.ai/mp/track/?verbose=1&ip=1&_=1775048411369' from origin 'https://app.gooseworks.ai' has been blocked by CORS policy: The value of the 'Access-Control-Allow-Origin' header in the response must not be the wildcard '*' when the request's credentials mode is 'include'. The credentials mode of requests initiated by the XMLHttpRequest is controlled by the withCredentials attribute. @ https://app.gooseworks.ai/workspace/files?file=agent-config%2FIDENTITY.md:0
[    5769ms] [ERROR] Failed to load resource: net::ERR_FAILED @ https://api.gooseworks.ai/mp/track/?verbose=1&ip=1&_=1775048411369:0
[   10738ms] [ERROR] Access to fetch at 'https://api.gooseworks.ai/mp/record/?%24current_url=https%3A%2F%2Fapp.gooseworks.ai%2F&%24lib_version=2.75.0&batch_start_time=1775048406.393&mp_lib=web&replay_id=46f31a6d-38a9-4c41-af21-c99a612c48af&replay_length_ms=4514&replay_start_time=1775048406.393&replay_start_url=https%3A%2F%2Fapp.gooseworks.ai%2F&seq=0&distinct_id=cee2fe5c-9d1e-49f9-b6f1-7040ddd77fab&%24device_id=79ff8299-6132-43dc-89fc-37ff2a28fcb3&%24user_id=cee2fe5c-9d1e-49f9-b6f1-7040ddd77fab&format=gzip' from origin 'https://app.gooseworks.ai' has been blocked by CORS policy: Request header field authorization is not allowed by Access-Control-Allow-Headers in preflight response. @ https://app.gooseworks.ai/workspace/files?file=agent-config%2FIDENTITY.md:0
[   10739ms] [ERROR] Failed to load resource: net::ERR_FAILED @ https://api.gooseworks.ai/mp/record/?%24current_url=https%3A%2F%2Fapp.gooseworks.ai%2F&%24lib_version=2.75.0&batch_start_time=1775048406.393&mp_lib=web&replay_id=46f31a6d-38a9-4c41-af21-c99a612c48af&replay_length_ms=4514&replay_start_time=1775048406.393&replay_start_url=https%3A%2F%2Fapp.gooseworks.ai%2F&seq=0&distinct_id=cee2fe5c-9d1e-49f9-b6f1-7040ddd77fab&%24device_id=79ff8299-6132-43dc-89fc-37ff2a28fcb3&%24user_id=cee2fe5c-9d1e-49f9-b6f1-7040ddd77fab&format=gzip:0
