[     225ms] [ERROR] Failed to load resource: the server responded with a status of 401 () @ https://api.gooseworks.ai/auth/user:0
[     225ms] [LOG] [API] GET /auth/user 401 183.5ms @ https://app.gooseworks.ai/_next/static/chunks/2012-4e49dad10055c867.js?dpl=dpl_dNuw3Dgv5KmwJXub5BMNLN4Wz16E:4
[     226ms] [LOG] [Perf] app_ready_no_user at 436.6ms @ https://app.gooseworks.ai/_next/static/chunks/2012-4e49dad10055c867.js?dpl=dpl_dNuw3Dgv5KmwJXub5BMNLN4Wz16E:4
[     234ms] [LOG] [Perf] page_load_waterfall {"dns_ms":0,"tcp_ms":0,"ssl_ms":0,"ttfb_ms":13.1,"download_ms":42.2,"dom_interactive_ms":217.9,"dom_complete_ms":249.3,"load_event_ms":249.3,"transfer_size_kb":2.8} @ https://app.gooseworks.ai/_next/static/chunks/2012-4e49dad10055c867.js?dpl=dpl_dNuw3Dgv5KmwJXub5BMNLN4Wz16E:4
[     475ms] [ERROR] Failed to load resource: the server responded with a status of 401 () @ https://api.gooseworks.ai/auth/user:0
[     475ms] [LOG] [API] GET /auth/user 401 126.5ms @ https://app.gooseworks.ai/_next/static/chunks/2012-4e49dad10055c867.js?dpl=dpl_dNuw3Dgv5KmwJXub5BMNLN4Wz16E:4
[     477ms] [LOG] [Perf] app_ready_no_user at 250.8ms @ https://app.gooseworks.ai/_next/static/chunks/2012-4e49dad10055c867.js?dpl=dpl_dNuw3Dgv5KmwJXub5BMNLN4Wz16E:4
[     484ms] [LOG] [Perf] page_load_waterfall {"dns_ms":0,"tcp_ms":0,"ssl_ms":0,"ttfb_ms":20.5,"download_ms":48.2,"dom_interactive_ms":116,"dom_complete_ms":116.9,"load_event_ms":116.9,"transfer_size_kb":2.9} @ https://app.gooseworks.ai/_next/static/chunks/2012-4e49dad10055c867.js?dpl=dpl_dNuw3Dgv5KmwJXub5BMNLN4Wz16E:4
[    5828ms] [ERROR] Access to XMLHttpRequest at 'https://api.gooseworks.ai/mp/track/?verbose=1&ip=1&_=1775048322654' from origin 'https://app.gooseworks.ai' has been blocked by CORS policy: The value of the 'Access-Control-Allow-Origin' header in the response must not be the wildcard '*' when the request's credentials mode is 'include'. The credentials mode of requests initiated by the XMLHttpRequest is controlled by the withCredentials attribute. @ https://app.gooseworks.ai/login/magic-link:0
[    5829ms] [ERROR] Failed to load resource: net::ERR_FAILED @ https://api.gooseworks.ai/mp/track/?verbose=1&ip=1&_=1775048322654:0
[   10706ms] [ERROR] Access to fetch at 'https://api.gooseworks.ai/mp/record/?%24current_url=https%3A%2F%2Fapp.gooseworks.ai%2F&%24lib_version=2.75.0&batch_start_time=1775048317.684&mp_lib=web&replay_id=46f31a6d-38a9-4c41-af21-c99a612c48af&replay_length_ms=9687&replay_start_time=1775048317.684&replay_start_url=https%3A%2F%2Fapp.gooseworks.ai%2F&seq=0&distinct_id=%24device%3A79ff8299-6132-43dc-89fc-37ff2a28fcb3&%24device_id=79ff8299-6132-43dc-89fc-37ff2a28fcb3&format=gzip' from origin 'https://app.gooseworks.ai' has been blocked by CORS policy: Request header field authorization is not allowed by Access-Control-Allow-Headers in preflight response. @ https://app.gooseworks.ai/login/magic-link:0
[   10706ms] [ERROR] Failed to load resource: net::ERR_FAILED @ https://api.gooseworks.ai/mp/record/?%24current_url=https%3A%2F%2Fapp.gooseworks.ai%2F&%24lib_version=2.75.0&batch_start_time=1775048317.684&mp_lib=web&replay_id=46f31a6d-38a9-4c41-af21-c99a612c48af&replay_length_ms=9687&replay_start_time=1775048317.684&replay_start_url=https%3A%2F%2Fapp.gooseworks.ai%2F&seq=0&distinct_id=%24device%3A79ff8299-6132-43dc-89fc-37ff2a28fcb3&%24device_id=79ff8299-6132-43dc-89fc-37ff2a28fcb3&format=gzip:0
[   11127ms] [ERROR] Access to XMLHttpRequest at 'https://api.gooseworks.ai/mp/track/?verbose=1&ip=1&_=1775048328134' from origin 'https://app.gooseworks.ai' has been blocked by CORS policy: The value of the 'Access-Control-Allow-Origin' header in the response must not be the wildcard '*' when the request's credentials mode is 'include'. The credentials mode of requests initiated by the XMLHttpRequest is controlled by the withCredentials attribute. @ https://app.gooseworks.ai/login/magic-link:0
[   11128ms] [ERROR] Failed to load resource: net::ERR_FAILED @ https://api.gooseworks.ai/mp/track/?verbose=1&ip=1&_=1775048328134:0
[   21191ms] [ERROR] Access to fetch at 'https://api.gooseworks.ai/mp/record/?%24current_url=https%3A%2F%2Fapp.gooseworks.ai%2F&%24lib_version=2.75.0&batch_start_time=1775048317.379&mp_lib=web&replay_id=46f31a6d-38a9-4c41-af21-c99a612c48af&replay_length_ms=13865&replay_start_time=1775048317.379&replay_start_url=https%3A%2F%2Fapp.gooseworks.ai%2F&seq=0&distinct_id=%24device%3A79ff8299-6132-43dc-89fc-37ff2a28fcb3&%24device_id=79ff8299-6132-43dc-89fc-37ff2a28fcb3&format=gzip' from origin 'https://app.gooseworks.ai' has been blocked by CORS policy: Request header field authorization is not allowed by Access-Control-Allow-Headers in preflight response. @ https://app.gooseworks.ai/login/magic-link:0
[   21191ms] [ERROR] Failed to load resource: net::ERR_FAILED @ https://api.gooseworks.ai/mp/record/?%24current_url=https%3A%2F%2Fapp.gooseworks.ai%2F&%24lib_version=2.75.0&batch_start_time=1775048317.379&mp_lib=web&replay_id=46f31a6d-38a9-4c41-af21-c99a612c48af&replay_length_ms=13865&replay_start_time=1775048317.379&replay_start_url=https%3A%2F%2Fapp.gooseworks.ai%2F&seq=0&distinct_id=%24device%3A79ff8299-6132-43dc-89fc-37ff2a28fcb3&%24device_id=79ff8299-6132-43dc-89fc-37ff2a28fcb3&format=gzip:0
[   28538ms] [LOG] [API] GET /auth/user 200 951.5ms @ https://app.gooseworks.ai/_next/static/chunks/2012-4e49dad10055c867.js?dpl=dpl_dNuw3Dgv5KmwJXub5BMNLN4Wz16E:4
[   28543ms] [LOG] [Perf] app_ready_authed at 1060.9ms @ https://app.gooseworks.ai/_next/static/chunks/2012-4e49dad10055c867.js?dpl=dpl_dNuw3Dgv5KmwJXub5BMNLN4Wz16E:4
[   28546ms] [LOG] [Perf] page_load_waterfall {"dns_ms":0,"tcp_ms":0,"ssl_ms":0,"ttfb_ms":18.3,"download_ms":16.8,"dom_interactive_ms":91.1,"dom_complete_ms":99,"load_event_ms":99.1,"transfer_size_kb":0.3} @ https://app.gooseworks.ai/_next/static/chunks/2012-4e49dad10055c867.js?dpl=dpl_dNuw3Dgv5KmwJXub5BMNLN4Wz16E:4
[   28547ms] [LOG] [Perf] slow_resources (>300ms): [Object] @ https://app.gooseworks.ai/_next/static/chunks/2012-4e49dad10055c867.js?dpl=dpl_dNuw3Dgv5KmwJXub5BMNLN4Wz16E:4
[   29175ms] [LOG] [API] GET /api/workspaces/current/onboarding-v2 200 630.5ms @ https://app.gooseworks.ai/_next/static/chunks/2012-4e49dad10055c867.js?dpl=dpl_dNuw3Dgv5KmwJXub5BMNLN4Wz16E:4
[   29580ms] [ERROR] Failed to load resource: the server responded with a status of 403 () @ https://api.gooseworks.ai/api/admin/analytics/access:0
[   29581ms] [LOG] [API] GET /api/admin/analytics/access 403 134.3ms @ https://app.gooseworks.ai/_next/static/chunks/2012-4e49dad10055c867.js?dpl=dpl_dNuw3Dgv5KmwJXub5BMNLN4Wz16E:4
[   29621ms] [LOG] [API] POST /api/sourcing/warmup 202 1076.2ms @ https://app.gooseworks.ai/_next/static/chunks/2012-4e49dad10055c867.js?dpl=dpl_dNuw3Dgv5KmwJXub5BMNLN4Wz16E:4
[   29721ms] [LOG] [API] GET /telegram/status 200 274.7ms @ https://app.gooseworks.ai/_next/static/chunks/2012-4e49dad10055c867.js?dpl=dpl_dNuw3Dgv5KmwJXub5BMNLN4Wz16E:4
[   30107ms] [LOG] [API] GET /imessage/status 200 660.7ms @ https://app.gooseworks.ai/_next/static/chunks/2012-4e49dad10055c867.js?dpl=dpl_dNuw3Dgv5KmwJXub5BMNLN4Wz16E:4
[   30108ms] [LOG] [API] GET /api/workspaces/active 200 661.9ms @ https://app.gooseworks.ai/_next/static/chunks/2012-4e49dad10055c867.js?dpl=dpl_dNuw3Dgv5KmwJXub5BMNLN4Wz16E:4
[   30109ms] [LOG] [API] GET /api/organization/files/tree 200 662.6ms @ https://app.gooseworks.ai/_next/static/chunks/2012-4e49dad10055c867.js?dpl=dpl_dNuw3Dgv5KmwJXub5BMNLN4Wz16E:4
[   30109ms] [LOG] [API] GET /api/workspace/files/tree 200 663.2ms @ https://app.gooseworks.ai/_next/static/chunks/2012-4e49dad10055c867.js?dpl=dpl_dNuw3Dgv5KmwJXub5BMNLN4Wz16E:4
[   30531ms] [LOG] [API] GET /api/sourcing/sessions/stats?days=7 200 1084.3ms @ https://app.gooseworks.ai/_next/static/chunks/2012-4e49dad10055c867.js?dpl=dpl_dNuw3Dgv5KmwJXub5BMNLN4Wz16E:4
[   30653ms] [LOG] [API] GET /whatsapp/status 200 1206.7ms @ https://app.gooseworks.ai/_next/static/chunks/2012-4e49dad10055c867.js?dpl=dpl_dNuw3Dgv5KmwJXub5BMNLN4Wz16E:4
[   30810ms] [LOG] [API] GET /api/skills 200 1364.1ms @ https://app.gooseworks.ai/_next/static/chunks/2012-4e49dad10055c867.js?dpl=dpl_dNuw3Dgv5KmwJXub5BMNLN4Wz16E:4
[   30945ms] [LOG] [API] GET /api/organization 200 1498.8ms @ https://app.gooseworks.ai/_next/static/chunks/2012-4e49dad10055c867.js?dpl=dpl_dNuw3Dgv5KmwJXub5BMNLN4Wz16E:4
[   30967ms] [LOG] [API] GET /api/integrations/status 200 1520.4ms @ https://app.gooseworks.ai/_next/static/chunks/2012-4e49dad10055c867.js?dpl=dpl_dNuw3Dgv5KmwJXub5BMNLN4Wz16E:4
[   30991ms] [ERROR] Failed to load resource: the server responded with a status of 400 () @ https://api.gooseworks.ai/api/workspaces/current/email/threads?limit=100:0
[   30991ms] [LOG] [API] GET /api/workspaces/current/email/threads?limit=100 400 1544.9ms @ https://app.gooseworks.ai/_next/static/chunks/2012-4e49dad10055c867.js?dpl=dpl_dNuw3Dgv5KmwJXub5BMNLN4Wz16E:4
[   31013ms] [LOG] [API] POST /api/sourcing/warmup 202 896ms @ https://app.gooseworks.ai/_next/static/chunks/2012-4e49dad10055c867.js?dpl=dpl_dNuw3Dgv5KmwJXub5BMNLN4Wz16E:4
[   31153ms] [LOG] [API] GET /api/sourcing/sessions?include_archived=true 200 1706.8ms @ https://app.gooseworks.ai/_next/static/chunks/2012-4e49dad10055c867.js?dpl=dpl_dNuw3Dgv5KmwJXub5BMNLN4Wz16E:4
[   31265ms] [LOG] [nav] transcript API start 768e326e 3782 @ https://app.gooseworks.ai/_next/static/chunks/2012-4e49dad10055c867.js?dpl=dpl_dNuw3Dgv5KmwJXub5BMNLN4Wz16E:4
[   32202ms] [LOG] [API] GET /api/organization/workspaces 200 2755.5ms @ https://app.gooseworks.ai/_next/static/chunks/2012-4e49dad10055c867.js?dpl=dpl_dNuw3Dgv5KmwJXub5BMNLN4Wz16E:4
[   32429ms] [ERROR] Failed to load resource: the server responded with a status of 400 () @ https://api.gooseworks.ai/api/workspaces/current/email/threads?limit=100:0
[   32429ms] [LOG] [API] GET /api/workspaces/current/email/threads?limit=100 400 436.2ms @ https://app.gooseworks.ai/_next/static/chunks/2012-4e49dad10055c867.js?dpl=dpl_dNuw3Dgv5KmwJXub5BMNLN4Wz16E:4
[   32627ms] [LOG] [API] GET /api/sourcing/sessions/768e326e-b436-4f30-96ca-4197f50d8d87 200 1362.5ms @ https://app.gooseworks.ai/_next/static/chunks/2012-4e49dad10055c867.js?dpl=dpl_dNuw3Dgv5KmwJXub5BMNLN4Wz16E:4
[   32628ms] [LOG] [nav] transcript API done 768e326e fetch=1364ms msgs=2 evts=3 ~6KB 5146 @ https://app.gooseworks.ai/_next/static/chunks/2012-4e49dad10055c867.js?dpl=dpl_dNuw3Dgv5KmwJXub5BMNLN4Wz16E:4
[   32628ms] [LOG] [nav] hydrate Phase 1 done (quick messages) 768e326e 5146 @ https://app.gooseworks.ai/_next/static/chunks/2012-4e49dad10055c867.js?dpl=dpl_dNuw3Dgv5KmwJXub5BMNLN4Wz16E:4
[   32628ms] [LOG] [nav] eager hydrate in queryFn 768e326e 5146 @ https://app.gooseworks.ai/_next/static/chunks/2012-4e49dad10055c867.js?dpl=dpl_dNuw3Dgv5KmwJXub5BMNLN4Wz16E:4
[   32629ms] [LOG] [nav] hydrate Phase 2 replay took 1ms 768e326e 5147 @ https://app.gooseworks.ai/_next/static/chunks/2012-4e49dad10055c867.js?dpl=dpl_dNuw3Dgv5KmwJXub5BMNLN4Wz16E:4
[   32876ms] [ERROR] Access to XMLHttpRequest at 'https://api.gooseworks.ai/mp/engage/?verbose=1&ip=1&_=1775048349892' from origin 'https://app.gooseworks.ai' has been blocked by CORS policy: The value of the 'Access-Control-Allow-Origin' header in the response must not be the wildcard '*' when the request's credentials mode is 'include'. The credentials mode of requests initiated by the XMLHttpRequest is controlled by the withCredentials attribute. @ https://app.gooseworks.ai/dashboard:0
[   32877ms] [ERROR] Failed to load resource: net::ERR_FAILED @ https://api.gooseworks.ai/mp/engage/?verbose=1&ip=1&_=1775048349892:0
[   32893ms] [ERROR] Access to XMLHttpRequest at 'https://api.gooseworks.ai/mp/track/?verbose=1&ip=1&_=1775048349891' from origin 'https://app.gooseworks.ai' has been blocked by CORS policy: The value of the 'Access-Control-Allow-Origin' header in the response must not be the wildcard '*' when the request's credentials mode is 'include'. The credentials mode of requests initiated by the XMLHttpRequest is controlled by the withCredentials attribute. @ https://app.gooseworks.ai/dashboard:0
[   32893ms] [ERROR] Failed to load resource: net::ERR_FAILED @ https://api.gooseworks.ai/mp/track/?verbose=1&ip=1&_=1775048349891:0
[   35025ms] [ERROR] Failed to load resource: the server responded with a status of 400 () @ https://api.gooseworks.ai/api/workspaces/current/email/threads?limit=100:0
[   35026ms] [LOG] [API] GET /api/workspaces/current/email/threads?limit=100 400 594.3ms @ https://app.gooseworks.ai/_next/static/chunks/2012-4e49dad10055c867.js?dpl=dpl_dNuw3Dgv5KmwJXub5BMNLN4Wz16E:4
[   37968ms] [ERROR] Access to fetch at 'https://api.gooseworks.ai/mp/record/?%24current_url=https%3A%2F%2Fapp.gooseworks.ai%2F&%24lib_version=2.75.0&batch_start_time=1775048344.921&mp_lib=web&replay_id=46f31a6d-38a9-4c41-af21-c99a612c48af&replay_length_ms=7409&replay_start_time=1775048344.921&replay_start_url=https%3A%2F%2Fapp.gooseworks.ai%2F&seq=0&distinct_id=cee2fe5c-9d1e-49f9-b6f1-7040ddd77fab&%24device_id=79ff8299-6132-43dc-89fc-37ff2a28fcb3&%24user_id=cee2fe5c-9d1e-49f9-b6f1-7040ddd77fab&format=gzip' from origin 'https://app.gooseworks.ai' has been blocked by CORS policy: Request header field authorization is not allowed by Access-Control-Allow-Headers in preflight response. @ https://app.gooseworks.ai/dashboard:0
[   37969ms] [ERROR] Failed to load resource: net::ERR_FAILED @ https://api.gooseworks.ai/mp/record/?%24current_url=https%3A%2F%2Fapp.gooseworks.ai%2F&%24lib_version=2.75.0&batch_start_time=1775048344.921&mp_lib=web&replay_id=46f31a6d-38a9-4c41-af21-c99a612c48af&replay_length_ms=7409&replay_start_time=1775048344.921&replay_start_url=https%3A%2F%2Fapp.gooseworks.ai%2F&seq=0&distinct_id=cee2fe5c-9d1e-49f9-b6f1-7040ddd77fab&%24device_id=79ff8299-6132-43dc-89fc-37ff2a28fcb3&%24user_id=cee2fe5c-9d1e-49f9-b6f1-7040ddd77fab&format=gzip:0
[   39627ms] [ERROR] Failed to load resource: the server responded with a status of 400 () @ https://api.gooseworks.ai/api/workspaces/current/email/threads?limit=100:0
[   39627ms] [LOG] [API] GET /api/workspaces/current/email/threads?limit=100 400 599.1ms @ https://app.gooseworks.ai/_next/static/chunks/2012-4e49dad10055c867.js?dpl=dpl_dNuw3Dgv5KmwJXub5BMNLN4Wz16E:4
[   63137ms] [LOG] [API] GET /api/sourcing/sessions?include_archived=true 200 1980.5ms @ https://app.gooseworks.ai/_next/static/chunks/2012-4e49dad10055c867.js?dpl=dpl_dNuw3Dgv5KmwJXub5BMNLN4Wz16E:4
